<?xml version="1.0" encoding="UTF-8"?>
<!-- Generated by org.testng.reporters.JUnitReportReporter -->
<testsuite hostname="MT-PG02HEP4" failures="0" tests="1" name="Academy.Testeraps" time="33.041" errors="0" timestamp="2021-10-24T03:02:48 IST" skipped="0">
  <testcase classname="Academy.Testeraps" name="tester" time="33.041"/>
  <system-out/>
</testsuite> <!-- Academy.Testeraps -->
